[0609/103214.663:ERROR:crash_report_database_win.cc(469)] failed to stat report
[0609/103214.669:ERROR:crash_report_database_win.cc(469)] failed to stat report
[0609/103214.669:ERROR:crash_report_database_win.cc(469)] failed to stat report
[0610/090337.263:ERROR:crash_report_database_win.cc(469)] failed to stat report
[0610/090337.264:ERROR:crash_report_database_win.cc(469)] failed to stat report
[0610/090337.265:ERROR:crash_report_database_win.cc(469)] failed to stat report
[0610/092803.532:ERROR:crash_report_database_win.cc(469)] failed to stat report
[0610/092803.533:ERROR:crash_report_database_win.cc(469)] failed to stat report
[0610/092803.534:ERROR:crash_report_database_win.cc(469)] failed to stat report
[0611/160731.143:ERROR:crash_report_database_win.cc(469)] failed to stat report
[0611/160731.145:ERROR:crash_report_database_win.cc(469)] failed to stat report
[0611/160731.145:ERROR:crash_report_database_win.cc(469)] failed to stat report
[0611/162241.251:ERROR:crash_report_database_win.cc(469)] failed to stat report
[0611/162241.253:ERROR:crash_report_database_win.cc(469)] failed to stat report
[0611/162241.253:ERROR:crash_report_database_win.cc(469)] failed to stat report
[0612/081122.548:ERROR:crash_report_database_win.cc(469)] failed to stat report
[0612/081122.550:ERROR:crash_report_database_win.cc(469)] failed to stat report
[0612/081122.551:ERROR:crash_report_database_win.cc(469)] failed to stat report
[0613/141809.300:ERROR:crash_report_database_win.cc(469)] failed to stat report
[0613/141809.301:ERROR:crash_report_database_win.cc(469)] failed to stat report
[0613/141809.302:ERROR:crash_report_database_win.cc(469)] failed to stat report
[0613/144736.388:ERROR:crash_report_database_win.cc(469)] failed to stat report
[0613/144736.390:ERROR:crash_report_database_win.cc(469)] failed to stat report
[0613/144736.390:ERROR:crash_report_database_win.cc(469)] failed to stat report
[0613/145736.388:ERROR:crash_report_database_win.cc(469)] failed to stat report
[0613/145736.388:ERROR:crash_report_database_win.cc(469)] failed to stat report
[0613/145736.389:ERROR:crash_report_database_win.cc(469)] failed to stat report
[0613/145736.391:ERROR:crash_report_database_win.cc(469)] failed to stat report
[0613/145736.391:ERROR:crash_report_database_win.cc(469)] failed to stat report
[0613/145736.392:ERROR:crash_report_database_win.cc(469)] failed to stat report
[0613/150236.391:ERROR:crash_report_database_win.cc(469)] failed to stat report
[0613/150236.391:ERROR:crash_report_database_win.cc(469)] failed to stat report
[0613/150236.392:ERROR:crash_report_database_win.cc(469)] failed to stat report
[0613/151736.394:ERROR:crash_report_database_win.cc(469)] failed to stat report
[0613/151736.395:ERROR:crash_report_database_win.cc(469)] failed to stat report
[0613/151736.395:ERROR:crash_report_database_win.cc(469)] failed to stat report
[0613/153236.406:ERROR:crash_report_database_win.cc(469)] failed to stat report
[0613/153236.406:ERROR:crash_report_database_win.cc(469)] failed to stat report
[0613/153236.406:ERROR:crash_report_database_win.cc(469)] failed to stat report
[0613/154736.406:ERROR:crash_report_database_win.cc(469)] failed to stat report
[0613/154736.407:ERROR:crash_report_database_win.cc(469)] failed to stat report
[0613/154736.407:ERROR:crash_report_database_win.cc(469)] failed to stat report
[0613/160236.417:ERROR:crash_report_database_win.cc(469)] failed to stat report
[0613/160236.417:ERROR:crash_report_database_win.cc(469)] failed to stat report
[0613/160236.417:ERROR:crash_report_database_win.cc(469)] failed to stat report
[0613/161736.419:ERROR:crash_report_database_win.cc(469)] failed to stat report
[0613/161736.419:ERROR:crash_report_database_win.cc(469)] failed to stat report
[0613/161736.420:ERROR:crash_report_database_win.cc(469)] failed to stat report
[0613/163236.425:ERROR:crash_report_database_win.cc(469)] failed to stat report
[0613/163236.425:ERROR:crash_report_database_win.cc(469)] failed to stat report
[0613/163236.426:ERROR:crash_report_database_win.cc(469)] failed to stat report
[0613/164736.436:ERROR:crash_report_database_win.cc(469)] failed to stat report
[0613/164736.436:ERROR:crash_report_database_win.cc(469)] failed to stat report
[0613/164736.437:ERROR:crash_report_database_win.cc(469)] failed to stat report
[0613/170236.448:ERROR:crash_report_database_win.cc(469)] failed to stat report
[0613/170236.448:ERROR:crash_report_database_win.cc(469)] failed to stat report
[0613/170236.448:ERROR:crash_report_database_win.cc(469)] failed to stat report
[0613/171736.450:ERROR:crash_report_database_win.cc(469)] failed to stat report
[0613/171736.451:ERROR:crash_report_database_win.cc(469)] failed to stat report
[0613/171736.451:ERROR:crash_report_database_win.cc(469)] failed to stat report
[0613/173236.461:ERROR:crash_report_database_win.cc(469)] failed to stat report
[0613/173236.462:ERROR:crash_report_database_win.cc(469)] failed to stat report
[0613/173236.462:ERROR:crash_report_database_win.cc(469)] failed to stat report
[0613/174736.463:ERROR:crash_report_database_win.cc(469)] failed to stat report
[0613/174736.463:ERROR:crash_report_database_win.cc(469)] failed to stat report
[0613/174736.463:ERROR:crash_report_database_win.cc(469)] failed to stat report
[0613/180236.475:ERROR:crash_report_database_win.cc(469)] failed to stat report
[0613/180236.475:ERROR:crash_report_database_win.cc(469)] failed to stat report
[0613/180236.476:ERROR:crash_report_database_win.cc(469)] failed to stat report
[0613/181736.477:ERROR:crash_report_database_win.cc(469)] failed to stat report
[0613/181736.478:ERROR:crash_report_database_win.cc(469)] failed to stat report
[0613/181736.478:ERROR:crash_report_database_win.cc(469)] failed to stat report
[0613/201607.114:ERROR:crash_report_database_win.cc(469)] failed to stat report
[0613/201607.114:ERROR:crash_report_database_win.cc(469)] failed to stat report
[0613/201607.114:ERROR:crash_report_database_win.cc(469)] failed to stat report
[0613/203107.116:ERROR:crash_report_database_win.cc(469)] failed to stat report
[0613/203107.116:ERROR:crash_report_database_win.cc(469)] failed to stat report
[0613/203107.117:ERROR:crash_report_database_win.cc(469)] failed to stat report
[0613/204607.119:ERROR:crash_report_database_win.cc(469)] failed to stat report
[0613/204607.119:ERROR:crash_report_database_win.cc(469)] failed to stat report
[0613/204607.119:ERROR:crash_report_database_win.cc(469)] failed to stat report
[0613/205243.472:ERROR:crash_report_database_win.cc(469)] failed to stat report
[0613/205243.473:ERROR:crash_report_database_win.cc(469)] failed to stat report
[0613/205243.473:ERROR:crash_report_database_win.cc(469)] failed to stat report
[0616/074850.018:ERROR:crash_report_database_win.cc(469)] failed to stat report
[0616/074850.019:ERROR:crash_report_database_win.cc(469)] failed to stat report
[0616/074850.019:ERROR:crash_report_database_win.cc(469)] failed to stat report
[0616/075850.017:ERROR:crash_report_database_win.cc(469)] failed to stat report
[0616/075850.017:ERROR:crash_report_database_win.cc(469)] failed to stat report
[0616/075850.018:ERROR:crash_report_database_win.cc(469)] failed to stat report
[0616/075850.019:ERROR:crash_report_database_win.cc(469)] failed to stat report
[0616/075850.019:ERROR:crash_report_database_win.cc(469)] failed to stat report
[0616/075850.019:ERROR:crash_report_database_win.cc(469)] failed to stat report
[0616/080350.021:ERROR:crash_report_database_win.cc(469)] failed to stat report
[0616/080350.021:ERROR:crash_report_database_win.cc(469)] failed to stat report
[0616/080350.021:ERROR:crash_report_database_win.cc(469)] failed to stat report
[0616/081850.023:ERROR:crash_report_database_win.cc(469)] failed to stat report
[0616/081850.023:ERROR:crash_report_database_win.cc(469)] failed to stat report
[0616/081850.024:ERROR:crash_report_database_win.cc(469)] failed to stat report
[0616/083350.026:ERROR:crash_report_database_win.cc(469)] failed to stat report
[0616/083350.026:ERROR:crash_report_database_win.cc(469)] failed to stat report
[0616/083350.026:ERROR:crash_report_database_win.cc(469)] failed to stat report
[0616/084850.027:ERROR:crash_report_database_win.cc(469)] failed to stat report
[0616/084850.027:ERROR:crash_report_database_win.cc(469)] failed to stat report
[0616/084850.028:ERROR:crash_report_database_win.cc(469)] failed to stat report
[0616/090350.029:ERROR:crash_report_database_win.cc(469)] failed to stat report
[0616/090350.029:ERROR:crash_report_database_win.cc(469)] failed to stat report
[0616/090350.030:ERROR:crash_report_database_win.cc(469)] failed to stat report
[0616/091850.032:ERROR:crash_report_database_win.cc(469)] failed to stat report
[0616/091850.032:ERROR:crash_report_database_win.cc(469)] failed to stat report
[0616/091850.033:ERROR:crash_report_database_win.cc(469)] failed to stat report
[0616/093350.035:ERROR:crash_report_database_win.cc(469)] failed to stat report
[0616/093350.035:ERROR:crash_report_database_win.cc(469)] failed to stat report
[0616/093350.035:ERROR:crash_report_database_win.cc(469)] failed to stat report
[0616/094850.046:ERROR:crash_report_database_win.cc(469)] failed to stat report
[0616/094850.047:ERROR:crash_report_database_win.cc(469)] failed to stat report
[0616/094850.047:ERROR:crash_report_database_win.cc(469)] failed to stat report
[0616/100350.050:ERROR:crash_report_database_win.cc(469)] failed to stat report
[0616/100350.050:ERROR:crash_report_database_win.cc(469)] failed to stat report
[0616/100350.050:ERROR:crash_report_database_win.cc(469)] failed to stat report
<<<<<<< HEAD
[0617/133425.590:ERROR:crash_report_database_win.cc(469)] failed to stat report
[0617/133425.591:ERROR:crash_report_database_win.cc(469)] failed to stat report
[0617/133425.591:ERROR:crash_report_database_win.cc(469)] failed to stat report
=======
[0617/113237.010:ERROR:crash_report_database_win.cc(469)] failed to stat report
[0617/113237.012:ERROR:crash_report_database_win.cc(469)] failed to stat report
[0617/113237.012:ERROR:crash_report_database_win.cc(469)] failed to stat report
<<<<<<< HEAD
[0617/144532.962:ERROR:crash_report_database_win.cc(469)] failed to stat report
[0617/144532.963:ERROR:crash_report_database_win.cc(469)] failed to stat report
[0617/144532.964:ERROR:crash_report_database_win.cc(469)] failed to stat report
[0617/150322.112:ERROR:crash_report_database_win.cc(469)] failed to stat report
[0617/150322.114:ERROR:crash_report_database_win.cc(469)] failed to stat report
[0617/150322.114:ERROR:crash_report_database_win.cc(469)] failed to stat report
[0617/150941.318:ERROR:crash_report_database_win.cc(469)] failed to stat report
[0617/150941.319:ERROR:crash_report_database_win.cc(469)] failed to stat report
[0617/150941.320:ERROR:crash_report_database_win.cc(469)] failed to stat report
=======
>>>>>>> 2ff07e841fdb334c381ad221fae6348fb94f896e
>>>>>>> 5391cfcd335265cb1257ff1f4034fb898caae59d
[0617/151721.725:ERROR:crash_report_database_win.cc(469)] failed to stat report
[0617/151721.727:ERROR:crash_report_database_win.cc(469)] failed to stat report
[0617/151721.728:ERROR:crash_report_database_win.cc(469)] failed to stat report
[0618/083735.445:ERROR:crash_report_database_win.cc(469)] failed to stat report
[0618/083735.447:ERROR:crash_report_database_win.cc(469)] failed to stat report
[0618/083735.447:ERROR:crash_report_database_win.cc(469)] failed to stat report
[0618/223343.557:ERROR:crash_report_database_win.cc(469)] failed to stat report
[0618/223343.559:ERROR:crash_report_database_win.cc(469)] failed to stat report
[0618/223343.559:ERROR:crash_report_database_win.cc(469)] failed to stat report
[0619/114304.909:ERROR:crash_report_database_win.cc(469)] failed to stat report
[0619/114304.910:ERROR:crash_report_database_win.cc(469)] failed to stat report
[0619/114304.910:ERROR:crash_report_database_win.cc(469)] failed to stat report
[0619/142752.830:ERROR:crash_report_database_win.cc(469)] failed to stat report
[0619/142752.831:ERROR:crash_report_database_win.cc(469)] failed to stat report
[0619/142752.832:ERROR:crash_report_database_win.cc(469)] failed to stat report
[0619/150241.419:ERROR:crash_report_database_win.cc(469)] failed to stat report
[0619/150241.420:ERROR:crash_report_database_win.cc(469)] failed to stat report
[0619/150241.421:ERROR:crash_report_database_win.cc(469)] failed to stat report
[0619/151610.158:ERROR:crash_report_database_win.cc(469)] failed to stat report
[0619/151610.159:ERROR:crash_report_database_win.cc(469)] failed to stat report
[0619/151610.160:ERROR:crash_report_database_win.cc(469)] failed to stat report
[0620/121250.350:ERROR:crash_report_database_win.cc(469)] failed to stat report
[0620/121250.351:ERROR:crash_report_database_win.cc(469)] failed to stat report
[0620/121250.352:ERROR:crash_report_database_win.cc(469)] failed to stat report
[0620/155343.957:ERROR:crash_report_database_win.cc(469)] failed to stat report
[0620/155343.958:ERROR:crash_report_database_win.cc(469)] failed to stat report
[0620/155343.959:ERROR:crash_report_database_win.cc(469)] failed to stat report
[0620/161833.227:ERROR:crash_report_database_win.cc(469)] failed to stat report
[0620/161833.229:ERROR:crash_report_database_win.cc(469)] failed to stat report
[0620/161833.229:ERROR:crash_report_database_win.cc(469)] failed to stat report
[0620/162858.687:ERROR:crash_report_database_win.cc(469)] failed to stat report
[0620/162858.688:ERROR:crash_report_database_win.cc(469)] failed to stat report
[0620/162858.689:ERROR:crash_report_database_win.cc(469)] failed to stat report
[0620/163119.359:ERROR:crash_report_database_win.cc(469)] failed to stat report
[0620/163119.360:ERROR:crash_report_database_win.cc(469)] failed to stat report
[0620/163119.361:ERROR:crash_report_database_win.cc(469)] failed to stat report
[0620/181339.693:ERROR:crash_report_database_win.cc(469)] failed to stat report
[0620/181339.694:ERROR:crash_report_database_win.cc(469)] failed to stat report
[0620/181339.695:ERROR:crash_report_database_win.cc(469)] failed to stat report
[0622/192019.042:ERROR:crash_report_database_win.cc(469)] failed to stat report
[0622/192019.044:ERROR:crash_report_database_win.cc(469)] failed to stat report
[0622/192019.044:ERROR:crash_report_database_win.cc(469)] failed to stat report
[0622/192704.015:ERROR:crash_report_database_win.cc(469)] failed to stat report
[0622/192704.016:ERROR:crash_report_database_win.cc(469)] failed to stat report
[0622/192704.017:ERROR:crash_report_database_win.cc(469)] failed to stat report
[0622/221355.477:ERROR:crash_report_database_win.cc(469)] failed to stat report
[0622/221355.478:ERROR:crash_report_database_win.cc(469)] failed to stat report
[0622/221355.479:ERROR:crash_report_database_win.cc(469)] failed to stat report
[0622/231431.224:ERROR:crash_report_database_win.cc(469)] failed to stat report
[0622/231431.225:ERROR:crash_report_database_win.cc(469)] failed to stat report
[0622/231431.225:ERROR:crash_report_database_win.cc(469)] failed to stat report
[0623/090111.882:ERROR:crash_report_database_win.cc(469)] failed to stat report
[0623/090111.883:ERROR:crash_report_database_win.cc(469)] failed to stat report
[0623/090111.884:ERROR:crash_report_database_win.cc(469)] failed to stat report
[0623/091111.883:ERROR:crash_report_database_win.cc(469)] failed to stat report
[0623/091111.884:ERROR:crash_report_database_win.cc(469)] failed to stat report
[0623/091111.884:ERROR:crash_report_database_win.cc(469)] failed to stat report
[0623/091111.886:ERROR:crash_report_database_win.cc(469)] failed to stat report
[0623/091111.886:ERROR:crash_report_database_win.cc(469)] failed to stat report
[0623/091111.886:ERROR:crash_report_database_win.cc(469)] failed to stat report
[0623/091611.886:ERROR:crash_report_database_win.cc(469)] failed to stat report
[0623/091611.887:ERROR:crash_report_database_win.cc(469)] failed to stat report
[0623/091611.887:ERROR:crash_report_database_win.cc(469)] failed to stat report
[0623/093111.889:ERROR:crash_report_database_win.cc(469)] failed to stat report
[0623/093111.890:ERROR:crash_report_database_win.cc(469)] failed to stat report
[0623/093111.890:ERROR:crash_report_database_win.cc(469)] failed to stat report
[0623/094611.891:ERROR:crash_report_database_win.cc(469)] failed to stat report
[0623/094611.892:ERROR:crash_report_database_win.cc(469)] failed to stat report
[0623/094611.892:ERROR:crash_report_database_win.cc(469)] failed to stat report
[0623/100111.894:ERROR:crash_report_database_win.cc(469)] failed to stat report
[0623/100111.894:ERROR:crash_report_database_win.cc(469)] failed to stat report
[0623/100111.895:ERROR:crash_report_database_win.cc(469)] failed to stat report
[0623/101611.906:ERROR:crash_report_database_win.cc(469)] failed to stat report
[0623/101611.906:ERROR:crash_report_database_win.cc(469)] failed to stat report
[0623/101611.907:ERROR:crash_report_database_win.cc(469)] failed to stat report
[0623/103111.917:ERROR:crash_report_database_win.cc(469)] failed to stat report
[0623/103111.918:ERROR:crash_report_database_win.cc(469)] failed to stat report
[0623/103111.919:ERROR:crash_report_database_win.cc(469)] failed to stat report
[0623/104304.337:ERROR:crash_report_database_win.cc(469)] failed to stat report
[0623/104304.339:ERROR:crash_report_database_win.cc(469)] failed to stat report
[0623/104304.339:ERROR:crash_report_database_win.cc(469)] failed to stat report
[0623/104611.920:ERROR:crash_report_database_win.cc(469)] failed to stat report
[0623/104611.921:ERROR:crash_report_database_win.cc(469)] failed to stat report
[0623/104611.921:ERROR:crash_report_database_win.cc(469)] failed to stat report
[0623/110111.933:ERROR:crash_report_database_win.cc(469)] failed to stat report
[0623/110111.933:ERROR:crash_report_database_win.cc(469)] failed to stat report
[0623/110111.934:ERROR:crash_report_database_win.cc(469)] failed to stat report
[0623/111611.937:ERROR:crash_report_database_win.cc(469)] failed to stat report
[0623/111611.938:ERROR:crash_report_database_win.cc(469)] failed to stat report
[0623/111611.938:ERROR:crash_report_database_win.cc(469)] failed to stat report
[0623/113111.942:ERROR:crash_report_database_win.cc(469)] failed to stat report
[0623/113111.942:ERROR:crash_report_database_win.cc(469)] failed to stat report
[0623/113111.943:ERROR:crash_report_database_win.cc(469)] failed to stat report
[0623/114611.953:ERROR:crash_report_database_win.cc(469)] failed to stat report
[0623/114611.954:ERROR:crash_report_database_win.cc(469)] failed to stat report
[0623/114611.954:ERROR:crash_report_database_win.cc(469)] failed to stat report
[0623/120111.963:ERROR:crash_report_database_win.cc(469)] failed to stat report
[0623/120111.964:ERROR:crash_report_database_win.cc(469)] failed to stat report
[0623/120111.964:ERROR:crash_report_database_win.cc(469)] failed to stat report
[0623/121611.974:ERROR:crash_report_database_win.cc(469)] failed to stat report
[0623/121611.974:ERROR:crash_report_database_win.cc(469)] failed to stat report
[0623/121611.975:ERROR:crash_report_database_win.cc(469)] failed to stat report
[0623/123111.976:ERROR:crash_report_database_win.cc(469)] failed to stat report
[0623/123111.976:ERROR:crash_report_database_win.cc(469)] failed to stat report
[0623/123111.977:ERROR:crash_report_database_win.cc(469)] failed to stat report
[0623/124611.978:ERROR:crash_report_database_win.cc(469)] failed to stat report
[0623/124611.978:ERROR:crash_report_database_win.cc(469)] failed to stat report
[0623/124611.979:ERROR:crash_report_database_win.cc(469)] failed to stat report
[0623/130111.980:ERROR:crash_report_database_win.cc(469)] failed to stat report
[0623/130111.980:ERROR:crash_report_database_win.cc(469)] failed to stat report
[0623/130111.980:ERROR:crash_report_database_win.cc(469)] failed to stat report
[0623/131611.983:ERROR:crash_report_database_win.cc(469)] failed to stat report
[0623/131611.983:ERROR:crash_report_database_win.cc(469)] failed to stat report
[0623/131611.983:ERROR:crash_report_database_win.cc(469)] failed to stat report
[0623/133046.658:ERROR:crash_report_database_win.cc(469)] failed to stat report
[0623/133046.659:ERROR:crash_report_database_win.cc(469)] failed to stat report
[0623/133046.660:ERROR:crash_report_database_win.cc(469)] failed to stat report
[0623/134046.658:ERROR:crash_report_database_win.cc(469)] failed to stat report
[0623/134046.658:ERROR:crash_report_database_win.cc(469)] failed to stat report
[0623/134046.658:ERROR:crash_report_database_win.cc(469)] failed to stat report
[0623/134046.659:ERROR:crash_report_database_win.cc(469)] failed to stat report
[0623/134046.660:ERROR:crash_report_database_win.cc(469)] failed to stat report
[0623/134046.660:ERROR:crash_report_database_win.cc(469)] failed to stat report
[0623/134546.661:ERROR:crash_report_database_win.cc(469)] failed to stat report
[0623/134546.662:ERROR:crash_report_database_win.cc(469)] failed to stat report
[0623/134546.662:ERROR:crash_report_database_win.cc(469)] failed to stat report
[0623/140046.673:ERROR:crash_report_database_win.cc(469)] failed to stat report
[0623/140046.673:ERROR:crash_report_database_win.cc(469)] failed to stat report
[0623/140046.674:ERROR:crash_report_database_win.cc(469)] failed to stat report
[0623/141546.685:ERROR:crash_report_database_win.cc(469)] failed to stat report
[0623/141546.685:ERROR:crash_report_database_win.cc(469)] failed to stat report
[0623/141546.685:ERROR:crash_report_database_win.cc(469)] failed to stat report
[0623/143046.688:ERROR:crash_report_database_win.cc(469)] failed to stat report
[0623/143046.689:ERROR:crash_report_database_win.cc(469)] failed to stat report
[0623/143046.689:ERROR:crash_report_database_win.cc(469)] failed to stat report
[0623/144546.700:ERROR:crash_report_database_win.cc(469)] failed to stat report
[0623/144546.701:ERROR:crash_report_database_win.cc(469)] failed to stat report
[0623/144546.701:ERROR:crash_report_database_win.cc(469)] failed to stat report
[0623/150046.703:ERROR:crash_report_database_win.cc(469)] failed to stat report
[0623/150046.703:ERROR:crash_report_database_win.cc(469)] failed to stat report
[0623/150046.703:ERROR:crash_report_database_win.cc(469)] failed to stat report
[0623/151545.608:ERROR:crash_report_database_win.cc(469)] failed to stat report
[0623/151545.609:ERROR:crash_report_database_win.cc(469)] failed to stat report
[0623/151545.609:ERROR:crash_report_database_win.cc(469)] failed to stat report
[0623/153045.611:ERROR:crash_report_database_win.cc(469)] failed to stat report
[0623/153045.611:ERROR:crash_report_database_win.cc(469)] failed to stat report
[0623/153045.612:ERROR:crash_report_database_win.cc(469)] failed to stat report
[0623/154545.613:ERROR:crash_report_database_win.cc(469)] failed to stat report
[0623/154545.613:ERROR:crash_report_database_win.cc(469)] failed to stat report
[0623/154545.613:ERROR:crash_report_database_win.cc(469)] failed to stat report
[0623/160045.615:ERROR:crash_report_database_win.cc(469)] failed to stat report
[0623/160045.615:ERROR:crash_report_database_win.cc(469)] failed to stat report
[0623/160045.615:ERROR:crash_report_database_win.cc(469)] failed to stat report
[0623/161545.616:ERROR:crash_report_database_win.cc(469)] failed to stat report
[0623/161545.617:ERROR:crash_report_database_win.cc(469)] failed to stat report
[0623/161545.617:ERROR:crash_report_database_win.cc(469)] failed to stat report
[0623/163045.618:ERROR:crash_report_database_win.cc(469)] failed to stat report
[0623/163045.618:ERROR:crash_report_database_win.cc(469)] failed to stat report
[0623/163045.618:ERROR:crash_report_database_win.cc(469)] failed to stat report
[0623/193457.409:ERROR:crash_report_database_win.cc(469)] failed to stat report
[0623/193457.409:ERROR:crash_report_database_win.cc(469)] failed to stat report
[0623/193457.410:ERROR:crash_report_database_win.cc(469)] failed to stat report
[0623/194957.411:ERROR:crash_report_database_win.cc(469)] failed to stat report
[0623/194957.412:ERROR:crash_report_database_win.cc(469)] failed to stat report
[0623/194957.412:ERROR:crash_report_database_win.cc(469)] failed to stat report
[0623/200457.416:ERROR:crash_report_database_win.cc(469)] failed to stat report
[0623/200457.416:ERROR:crash_report_database_win.cc(469)] failed to stat report
[0623/200457.417:ERROR:crash_report_database_win.cc(469)] failed to stat report
[0623/201957.428:ERROR:crash_report_database_win.cc(469)] failed to stat report
[0623/201957.429:ERROR:crash_report_database_win.cc(469)] failed to stat report
[0623/201957.429:ERROR:crash_report_database_win.cc(469)] failed to stat report
[0623/203457.430:ERROR:crash_report_database_win.cc(469)] failed to stat report
[0623/203457.430:ERROR:crash_report_database_win.cc(469)] failed to stat report
[0623/203457.431:ERROR:crash_report_database_win.cc(469)] failed to stat report
[0623/204957.433:ERROR:crash_report_database_win.cc(469)] failed to stat report
[0623/204957.433:ERROR:crash_report_database_win.cc(469)] failed to stat report
[0623/204957.434:ERROR:crash_report_database_win.cc(469)] failed to stat report
[0623/210457.445:ERROR:crash_report_database_win.cc(469)] failed to stat report
[0623/210457.446:ERROR:crash_report_database_win.cc(469)] failed to stat report
[0623/210457.446:ERROR:crash_report_database_win.cc(469)] failed to stat report
[0623/211957.457:ERROR:crash_report_database_win.cc(469)] failed to stat report
[0623/211957.458:ERROR:crash_report_database_win.cc(469)] failed to stat report
[0623/211957.458:ERROR:crash_report_database_win.cc(469)] failed to stat report
[0623/213457.460:ERROR:crash_report_database_win.cc(469)] failed to stat report
[0623/213457.461:ERROR:crash_report_database_win.cc(469)] failed to stat report
[0623/213457.461:ERROR:crash_report_database_win.cc(469)] failed to stat report
[0623/214957.466:ERROR:crash_report_database_win.cc(469)] failed to stat report
[0623/214957.467:ERROR:crash_report_database_win.cc(469)] failed to stat report
[0623/214957.467:ERROR:crash_report_database_win.cc(469)] failed to stat report
[0623/220457.471:ERROR:crash_report_database_win.cc(469)] failed to stat report
[0623/220457.472:ERROR:crash_report_database_win.cc(469)] failed to stat report
[0623/220457.472:ERROR:crash_report_database_win.cc(469)] failed to stat report
[0623/221957.473:ERROR:crash_report_database_win.cc(469)] failed to stat report
[0623/221957.474:ERROR:crash_report_database_win.cc(469)] failed to stat report
[0623/221957.474:ERROR:crash_report_database_win.cc(469)] failed to stat report
[0623/223457.486:ERROR:crash_report_database_win.cc(469)] failed to stat report
[0623/223457.487:ERROR:crash_report_database_win.cc(469)] failed to stat report
[0623/223457.488:ERROR:crash_report_database_win.cc(469)] failed to stat report
[0623/224957.489:ERROR:crash_report_database_win.cc(469)] failed to stat report
[0623/224957.489:ERROR:crash_report_database_win.cc(469)] failed to stat report
[0623/224957.489:ERROR:crash_report_database_win.cc(469)] failed to stat report
[0623/230457.490:ERROR:crash_report_database_win.cc(469)] failed to stat report
[0623/230457.490:ERROR:crash_report_database_win.cc(469)] failed to stat report
[0623/230457.490:ERROR:crash_report_database_win.cc(469)] failed to stat report
[0623/231957.494:ERROR:crash_report_database_win.cc(469)] failed to stat report
[0623/231957.494:ERROR:crash_report_database_win.cc(469)] failed to stat report
[0623/231957.495:ERROR:crash_report_database_win.cc(469)] failed to stat report
[0624/080256.245:ERROR:crash_report_database_win.cc(469)] failed to stat report
[0624/080256.247:ERROR:crash_report_database_win.cc(469)] failed to stat report
[0624/080256.247:ERROR:crash_report_database_win.cc(469)] failed to stat report
[0624/093606.008:ERROR:crash_report_database_win.cc(469)] failed to stat report
[0624/093606.010:ERROR:crash_report_database_win.cc(469)] failed to stat report
[0624/093606.010:ERROR:crash_report_database_win.cc(469)] failed to stat report
[0624/094805.435:ERROR:crash_report_database_win.cc(469)] failed to stat report
[0624/094805.436:ERROR:crash_report_database_win.cc(469)] failed to stat report
[0624/094805.436:ERROR:crash_report_database_win.cc(469)] failed to stat report
[0624/095805.445:ERROR:crash_report_database_win.cc(469)] failed to stat report
[0624/095805.445:ERROR:crash_report_database_win.cc(469)] failed to stat report
[0624/095805.445:ERROR:crash_report_database_win.cc(469)] failed to stat report
[0624/095805.446:ERROR:crash_report_database_win.cc(469)] failed to stat report
[0624/095805.447:ERROR:crash_report_database_win.cc(469)] failed to stat report
[0624/095805.447:ERROR:crash_report_database_win.cc(469)] failed to stat report
[0624/100305.437:ERROR:crash_report_database_win.cc(469)] failed to stat report
[0624/100305.437:ERROR:crash_report_database_win.cc(469)] failed to stat report
[0624/100305.437:ERROR:crash_report_database_win.cc(469)] failed to stat report
[0624/101805.439:ERROR:crash_report_database_win.cc(469)] failed to stat report
[0624/101805.440:ERROR:crash_report_database_win.cc(469)] failed to stat report
[0624/101805.440:ERROR:crash_report_database_win.cc(469)] failed to stat report
[0624/103305.441:ERROR:crash_report_database_win.cc(469)] failed to stat report
[0624/103305.442:ERROR:crash_report_database_win.cc(469)] failed to stat report
[0624/103305.442:ERROR:crash_report_database_win.cc(469)] failed to stat report
[0624/104805.442:ERROR:crash_report_database_win.cc(469)] failed to stat report
[0624/104805.443:ERROR:crash_report_database_win.cc(469)] failed to stat report
[0624/104805.443:ERROR:crash_report_database_win.cc(469)] failed to stat report
[0624/110305.445:ERROR:crash_report_database_win.cc(469)] failed to stat report
[0624/110305.446:ERROR:crash_report_database_win.cc(469)] failed to stat report
[0624/110305.446:ERROR:crash_report_database_win.cc(469)] failed to stat report
[0624/111805.457:ERROR:crash_report_database_win.cc(469)] failed to stat report
[0624/111805.458:ERROR:crash_report_database_win.cc(469)] failed to stat report
[0624/111805.458:ERROR:crash_report_database_win.cc(469)] failed to stat report
[0624/113305.461:ERROR:crash_report_database_win.cc(469)] failed to stat report
[0624/113305.461:ERROR:crash_report_database_win.cc(469)] failed to stat report
[0624/113305.461:ERROR:crash_report_database_win.cc(469)] failed to stat report
[0624/114805.462:ERROR:crash_report_database_win.cc(469)] failed to stat report
[0624/114805.463:ERROR:crash_report_database_win.cc(469)] failed to stat report
[0624/114805.463:ERROR:crash_report_database_win.cc(469)] failed to stat report
[0624/120305.465:ERROR:crash_report_database_win.cc(469)] failed to stat report
[0624/120305.465:ERROR:crash_report_database_win.cc(469)] failed to stat report
[0624/120305.465:ERROR:crash_report_database_win.cc(469)] failed to stat report
[0624/121805.466:ERROR:crash_report_database_win.cc(469)] failed to stat report
[0624/121805.467:ERROR:crash_report_database_win.cc(469)] failed to stat report
[0624/121805.467:ERROR:crash_report_database_win.cc(469)] failed to stat report
[0624/123305.477:ERROR:crash_report_database_win.cc(469)] failed to stat report
[0624/123305.477:ERROR:crash_report_database_win.cc(469)] failed to stat report
[0624/123305.477:ERROR:crash_report_database_win.cc(469)] failed to stat report
[0624/124805.479:ERROR:crash_report_database_win.cc(469)] failed to stat report
[0624/124805.479:ERROR:crash_report_database_win.cc(469)] failed to stat report
[0624/124805.479:ERROR:crash_report_database_win.cc(469)] failed to stat report
[0624/130305.488:ERROR:crash_report_database_win.cc(469)] failed to stat report
[0624/130305.489:ERROR:crash_report_database_win.cc(469)] failed to stat report
[0624/130305.489:ERROR:crash_report_database_win.cc(469)] failed to stat report
[0624/131805.491:ERROR:crash_report_database_win.cc(469)] failed to stat report
[0624/131805.492:ERROR:crash_report_database_win.cc(469)] failed to stat report
[0624/131805.492:ERROR:crash_report_database_win.cc(469)] failed to stat report
[0624/133305.494:ERROR:crash_report_database_win.cc(469)] failed to stat report
[0624/133305.495:ERROR:crash_report_database_win.cc(469)] failed to stat report
[0624/133305.496:ERROR:crash_report_database_win.cc(469)] failed to stat report
[0624/134805.506:ERROR:crash_report_database_win.cc(469)] failed to stat report
[0624/134805.506:ERROR:crash_report_database_win.cc(469)] failed to stat report
[0624/134805.506:ERROR:crash_report_database_win.cc(469)] failed to stat report
[0624/140305.509:ERROR:crash_report_database_win.cc(469)] failed to stat report
[0624/140305.510:ERROR:crash_report_database_win.cc(469)] failed to stat report
[0624/140305.510:ERROR:crash_report_database_win.cc(469)] failed to stat report
[0624/141805.512:ERROR:crash_report_database_win.cc(469)] failed to stat report
[0624/141805.513:ERROR:crash_report_database_win.cc(469)] failed to stat report
[0624/141805.513:ERROR:crash_report_database_win.cc(469)] failed to stat report
[0624/143217.716:ERROR:crash_report_database_win.cc(469)] failed to stat report
[0624/143217.717:ERROR:crash_report_database_win.cc(469)] failed to stat report
[0624/143217.718:ERROR:crash_report_database_win.cc(469)] failed to stat report
[0624/143305.515:ERROR:crash_report_database_win.cc(469)] failed to stat report
[0624/143305.515:ERROR:crash_report_database_win.cc(469)] failed to stat report
[0624/143305.516:ERROR:crash_report_database_win.cc(469)] failed to stat report
[0624/144805.520:ERROR:crash_report_database_win.cc(469)] failed to stat report
[0624/144805.520:ERROR:crash_report_database_win.cc(469)] failed to stat report
[0624/144805.520:ERROR:crash_report_database_win.cc(469)] failed to stat report
[0624/150305.532:ERROR:crash_report_database_win.cc(469)] failed to stat report
[0624/150305.533:ERROR:crash_report_database_win.cc(469)] failed to stat report
[0624/150305.534:ERROR:crash_report_database_win.cc(469)] failed to stat report
[0624/151805.536:ERROR:crash_report_database_win.cc(469)] failed to stat report
[0624/151805.537:ERROR:crash_report_database_win.cc(469)] failed to stat report
[0624/151805.537:ERROR:crash_report_database_win.cc(469)] failed to stat report
[0624/153305.539:ERROR:crash_report_database_win.cc(469)] failed to stat report
[0624/153305.540:ERROR:crash_report_database_win.cc(469)] failed to stat report
[0624/153305.541:ERROR:crash_report_database_win.cc(469)] failed to stat report
[0624/154805.541:ERROR:crash_report_database_win.cc(469)] failed to stat report
[0624/154805.542:ERROR:crash_report_database_win.cc(469)] failed to stat report
[0624/154805.542:ERROR:crash_report_database_win.cc(469)] failed to stat report
[0624/160305.546:ERROR:crash_report_database_win.cc(469)] failed to stat report
[0624/160305.546:ERROR:crash_report_database_win.cc(469)] failed to stat report
[0624/160305.546:ERROR:crash_report_database_win.cc(469)] failed to stat report
[0624/161805.549:ERROR:crash_report_database_win.cc(469)] failed to stat report
[0624/161805.550:ERROR:crash_report_database_win.cc(469)] failed to stat report
[0624/161805.550:ERROR:crash_report_database_win.cc(469)] failed to stat report
[0624/163305.553:ERROR:crash_report_database_win.cc(469)] failed to stat report
[0624/163305.553:ERROR:crash_report_database_win.cc(469)] failed to stat report
[0624/163305.554:ERROR:crash_report_database_win.cc(469)] failed to stat report
[0624/163650.554:ERROR:crash_report_database_win.cc(469)] failed to stat report
[0624/163650.556:ERROR:crash_report_database_win.cc(469)] failed to stat report
[0624/163650.556:ERROR:crash_report_database_win.cc(469)] failed to stat report
[0624/164805.565:ERROR:crash_report_database_win.cc(469)] failed to stat report
[0624/164805.565:ERROR:crash_report_database_win.cc(469)] failed to stat report
[0624/164805.565:ERROR:crash_report_database_win.cc(469)] failed to stat report
[0624/170103.552:ERROR:crash_report_database_win.cc(469)] failed to stat report
[0624/170103.553:ERROR:crash_report_database_win.cc(469)] failed to stat report
[0624/170103.554:ERROR:crash_report_database_win.cc(469)] failed to stat report
[0624/171103.561:ERROR:crash_report_database_win.cc(469)] failed to stat report
[0624/171103.561:ERROR:crash_report_database_win.cc(469)] failed to stat report
[0624/171103.561:ERROR:crash_report_database_win.cc(469)] failed to stat report
[0624/171103.562:ERROR:crash_report_database_win.cc(469)] failed to stat report
[0624/171103.562:ERROR:crash_report_database_win.cc(469)] failed to stat report
[0624/171103.562:ERROR:crash_report_database_win.cc(469)] failed to stat report
[0624/171603.555:ERROR:crash_report_database_win.cc(469)] failed to stat report
[0624/171603.555:ERROR:crash_report_database_win.cc(469)] failed to stat report
[0624/171603.556:ERROR:crash_report_database_win.cc(469)] failed to stat report
[0624/173103.557:ERROR:crash_report_database_win.cc(469)] failed to stat report
[0624/173103.557:ERROR:crash_report_database_win.cc(469)] failed to stat report
[0624/173103.558:ERROR:crash_report_database_win.cc(469)] failed to stat report
[0624/174601.909:ERROR:crash_report_database_win.cc(469)] failed to stat report
[0624/174601.910:ERROR:crash_report_database_win.cc(469)] failed to stat report
[0624/174601.910:ERROR:crash_report_database_win.cc(469)] failed to stat report
[0624/180101.920:ERROR:crash_report_database_win.cc(469)] failed to stat report
[0624/180101.920:ERROR:crash_report_database_win.cc(469)] failed to stat report
[0624/180101.921:ERROR:crash_report_database_win.cc(469)] failed to stat report
[0624/181601.923:ERROR:crash_report_database_win.cc(469)] failed to stat report
[0624/181601.924:ERROR:crash_report_database_win.cc(469)] failed to stat report
[0624/181601.924:ERROR:crash_report_database_win.cc(469)] failed to stat report
[0624/183101.925:ERROR:crash_report_database_win.cc(469)] failed to stat report
[0624/183101.926:ERROR:crash_report_database_win.cc(469)] failed to stat report
[0624/183101.926:ERROR:crash_report_database_win.cc(469)] failed to stat report
[0624/204856.033:ERROR:crash_report_database_win.cc(469)] failed to stat report
[0624/204856.034:ERROR:crash_report_database_win.cc(469)] failed to stat report
[0624/204856.034:ERROR:crash_report_database_win.cc(469)] failed to stat report
[0624/210356.037:ERROR:crash_report_database_win.cc(469)] failed to stat report
[0624/210356.038:ERROR:crash_report_database_win.cc(469)] failed to stat report
[0624/210356.038:ERROR:crash_report_database_win.cc(469)] failed to stat report
[0624/211856.040:ERROR:crash_report_database_win.cc(469)] failed to stat report
[0624/211856.040:ERROR:crash_report_database_win.cc(469)] failed to stat report
[0624/211856.041:ERROR:crash_report_database_win.cc(469)] failed to stat report
[0624/213356.042:ERROR:crash_report_database_win.cc(469)] failed to stat report
[0624/213356.042:ERROR:crash_report_database_win.cc(469)] failed to stat report
[0624/213356.042:ERROR:crash_report_database_win.cc(469)] failed to stat report
[0624/214856.052:ERROR:crash_report_database_win.cc(469)] failed to stat report
[0624/214856.053:ERROR:crash_report_database_win.cc(469)] failed to stat report
[0624/214856.053:ERROR:crash_report_database_win.cc(469)] failed to stat report
[0624/220356.064:ERROR:crash_report_database_win.cc(469)] failed to stat report
[0624/220356.065:ERROR:crash_report_database_win.cc(469)] failed to stat report
[0624/220356.065:ERROR:crash_report_database_win.cc(469)] failed to stat report
[0624/221856.075:ERROR:crash_report_database_win.cc(469)] failed to stat report
[0624/221856.075:ERROR:crash_report_database_win.cc(469)] failed to stat report
[0624/221856.075:ERROR:crash_report_database_win.cc(469)] failed to stat report
[0624/223356.078:ERROR:crash_report_database_win.cc(469)] failed to stat report
[0624/223356.078:ERROR:crash_report_database_win.cc(469)] failed to stat report
[0624/223356.078:ERROR:crash_report_database_win.cc(469)] failed to stat report
[0624/224856.079:ERROR:crash_report_database_win.cc(469)] failed to stat report
[0624/224856.080:ERROR:crash_report_database_win.cc(469)] failed to stat report
[0624/224856.080:ERROR:crash_report_database_win.cc(469)] failed to stat report
[0624/230356.084:ERROR:crash_report_database_win.cc(469)] failed to stat report
[0624/230356.084:ERROR:crash_report_database_win.cc(469)] failed to stat report
[0624/230356.085:ERROR:crash_report_database_win.cc(469)] failed to stat report
[0624/231856.086:ERROR:crash_report_database_win.cc(469)] failed to stat report
[0624/231856.086:ERROR:crash_report_database_win.cc(469)] failed to stat report
[0624/231856.087:ERROR:crash_report_database_win.cc(469)] failed to stat report
[0624/233356.087:ERROR:crash_report_database_win.cc(469)] failed to stat report
[0624/233356.088:ERROR:crash_report_database_win.cc(469)] failed to stat report
[0624/233356.088:ERROR:crash_report_database_win.cc(469)] failed to stat report
[0625/100127.265:ERROR:crash_report_database_win.cc(469)] failed to stat report
[0625/100127.268:ERROR:crash_report_database_win.cc(469)] failed to stat report
[0625/100127.268:ERROR:crash_report_database_win.cc(469)] failed to stat report
[0625/101127.272:ERROR:crash_report_database_win.cc(469)] failed to stat report
[0625/101127.273:ERROR:crash_report_database_win.cc(469)] failed to stat report
[0625/101127.273:ERROR:crash_report_database_win.cc(469)] failed to stat report
[0625/101127.275:ERROR:crash_report_database_win.cc(469)] failed to stat report
[0625/101127.275:ERROR:crash_report_database_win.cc(469)] failed to stat report
[0625/101127.275:ERROR:crash_report_database_win.cc(469)] failed to stat report
[0625/101627.278:ERROR:crash_report_database_win.cc(469)] failed to stat report
[0625/101627.279:ERROR:crash_report_database_win.cc(469)] failed to stat report
[0625/101627.279:ERROR:crash_report_database_win.cc(469)] failed to stat report
[0625/102247.344:ERROR:crash_report_database_win.cc(469)] failed to stat report
[0625/102247.346:ERROR:crash_report_database_win.cc(469)] failed to stat report
[0625/102247.347:ERROR:crash_report_database_win.cc(469)] failed to stat report
[0625/102515.189:ERROR:crash_report_database_win.cc(469)] failed to stat report
[0625/102515.190:ERROR:crash_report_database_win.cc(469)] failed to stat report
[0625/102515.190:ERROR:crash_report_database_win.cc(469)] failed to stat report
[0625/102707.374:ERROR:crash_report_database_win.cc(469)] failed to stat report
[0625/102707.375:ERROR:crash_report_database_win.cc(469)] failed to stat report
[0625/102707.375:ERROR:crash_report_database_win.cc(469)] failed to stat report
[0625/103127.288:ERROR:crash_report_database_win.cc(469)] failed to stat report
[0625/103127.289:ERROR:crash_report_database_win.cc(469)] failed to stat report
[0625/103127.289:ERROR:crash_report_database_win.cc(469)] failed to stat report
[0625/104627.300:ERROR:crash_report_database_win.cc(469)] failed to stat report
[0625/104627.301:ERROR:crash_report_database_win.cc(469)] failed to stat report
[0625/104627.301:ERROR:crash_report_database_win.cc(469)] failed to stat report
[0625/110127.305:ERROR:crash_report_database_win.cc(469)] failed to stat report
[0625/110127.305:ERROR:crash_report_database_win.cc(469)] failed to stat report
[0625/110127.306:ERROR:crash_report_database_win.cc(469)] failed to stat report
[0625/111627.307:ERROR:crash_report_database_win.cc(469)] failed to stat report
[0625/111627.308:ERROR:crash_report_database_win.cc(469)] failed to stat report
[0625/111627.308:ERROR:crash_report_database_win.cc(469)] failed to stat report
[0625/113127.309:ERROR:crash_report_database_win.cc(469)] failed to stat report
[0625/113127.310:ERROR:crash_report_database_win.cc(469)] failed to stat report
[0625/113127.310:ERROR:crash_report_database_win.cc(469)] failed to stat report
[0625/114627.311:ERROR:crash_report_database_win.cc(469)] failed to stat report
[0625/114627.312:ERROR:crash_report_database_win.cc(469)] failed to stat report
[0625/114627.312:ERROR:crash_report_database_win.cc(469)] failed to stat report
[0625/120127.315:ERROR:crash_report_database_win.cc(469)] failed to stat report
[0625/120127.315:ERROR:crash_report_database_win.cc(469)] failed to stat report
[0625/120127.316:ERROR:crash_report_database_win.cc(469)] failed to stat report
[0625/121627.317:ERROR:crash_report_database_win.cc(469)] failed to stat report
[0625/121627.318:ERROR:crash_report_database_win.cc(469)] failed to stat report
[0625/121627.318:ERROR:crash_report_database_win.cc(469)] failed to stat report
[0625/123127.322:ERROR:crash_report_database_win.cc(469)] failed to stat report
[0625/123127.323:ERROR:crash_report_database_win.cc(469)] failed to stat report
[0625/123127.323:ERROR:crash_report_database_win.cc(469)] failed to stat report
[0625/124627.326:ERROR:crash_report_database_win.cc(469)] failed to stat report
[0625/124627.327:ERROR:crash_report_database_win.cc(469)] failed to stat report
[0625/124627.327:ERROR:crash_report_database_win.cc(469)] failed to stat report
[0625/130127.329:ERROR:crash_report_database_win.cc(469)] failed to stat report
[0625/130127.330:ERROR:crash_report_database_win.cc(469)] failed to stat report
[0625/130127.330:ERROR:crash_report_database_win.cc(469)] failed to stat report
[0625/131627.342:ERROR:crash_report_database_win.cc(469)] failed to stat report
[0625/131627.343:ERROR:crash_report_database_win.cc(469)] failed to stat report
[0625/131627.343:ERROR:crash_report_database_win.cc(469)] failed to stat report
[0625/133127.355:ERROR:crash_report_database_win.cc(469)] failed to stat report
[0625/133127.355:ERROR:crash_report_database_win.cc(469)] failed to stat report
[0625/133127.355:ERROR:crash_report_database_win.cc(469)] failed to stat report
[0625/134627.366:ERROR:crash_report_database_win.cc(469)] failed to stat report
[0625/134627.366:ERROR:crash_report_database_win.cc(469)] failed to stat report
[0625/134627.367:ERROR:crash_report_database_win.cc(469)] failed to stat report
[0625/140127.368:ERROR:crash_report_database_win.cc(469)] failed to stat report
[0625/140127.369:ERROR:crash_report_database_win.cc(469)] failed to stat report
[0625/140127.369:ERROR:crash_report_database_win.cc(469)] failed to stat report
[0625/141627.380:ERROR:crash_report_database_win.cc(469)] failed to stat report
[0625/141627.381:ERROR:crash_report_database_win.cc(469)] failed to stat report
[0625/141627.382:ERROR:crash_report_database_win.cc(469)] failed to stat report
[0625/143127.386:ERROR:crash_report_database_win.cc(469)] failed to stat report
[0625/143127.387:ERROR:crash_report_database_win.cc(469)] failed to stat report
[0625/143127.387:ERROR:crash_report_database_win.cc(469)] failed to stat report
[0625/144627.397:ERROR:crash_report_database_win.cc(469)] failed to stat report
[0625/144627.398:ERROR:crash_report_database_win.cc(469)] failed to stat report
[0625/144627.398:ERROR:crash_report_database_win.cc(469)] failed to stat report
[0625/150127.409:ERROR:crash_report_database_win.cc(469)] failed to stat report
[0625/150127.410:ERROR:crash_report_database_win.cc(469)] failed to stat report
[0625/150127.411:ERROR:crash_report_database_win.cc(469)] failed to stat report
[0625/151627.412:ERROR:crash_report_database_win.cc(469)] failed to stat report
[0625/151627.413:ERROR:crash_report_database_win.cc(469)] failed to stat report
[0625/151627.413:ERROR:crash_report_database_win.cc(469)] failed to stat report
[0625/153127.425:ERROR:crash_report_database_win.cc(469)] failed to stat report
[0625/153127.425:ERROR:crash_report_database_win.cc(469)] failed to stat report
[0625/153127.426:ERROR:crash_report_database_win.cc(469)] failed to stat report
[0625/154627.427:ERROR:crash_report_database_win.cc(469)] failed to stat report
[0625/154627.427:ERROR:crash_report_database_win.cc(469)] failed to stat report
[0625/154627.427:ERROR:crash_report_database_win.cc(469)] failed to stat report
[0625/160127.429:ERROR:crash_report_database_win.cc(469)] failed to stat report
[0625/160127.429:ERROR:crash_report_database_win.cc(469)] failed to stat report
[0625/160127.430:ERROR:crash_report_database_win.cc(469)] failed to stat report
[0625/161627.440:ERROR:crash_report_database_win.cc(469)] failed to stat report
[0625/161627.441:ERROR:crash_report_database_win.cc(469)] failed to stat report
[0625/161627.442:ERROR:crash_report_database_win.cc(469)] failed to stat report
[0625/162215.129:ERROR:crash_report_database_win.cc(469)] failed to stat report
[0625/162215.130:ERROR:crash_report_database_win.cc(469)] failed to stat report
[0625/162215.130:ERROR:crash_report_database_win.cc(469)] failed to stat report
[0625/163023.574:ERROR:crash_report_database_win.cc(469)] failed to stat report
[0625/163023.575:ERROR:crash_report_database_win.cc(469)] failed to stat report
[0625/163023.575:ERROR:crash_report_database_win.cc(469)] failed to stat report
[0625/163127.445:ERROR:crash_report_database_win.cc(469)] failed to stat report
[0625/163127.445:ERROR:crash_report_database_win.cc(469)] failed to stat report
[0625/163127.446:ERROR:crash_report_database_win.cc(469)] failed to stat report
[0625/164210.134:ERROR:crash_report_database_win.cc(469)] failed to stat report
[0625/164210.135:ERROR:crash_report_database_win.cc(469)] failed to stat report
[0625/164210.135:ERROR:crash_report_database_win.cc(469)] failed to stat report
[0625/165210.144:ERROR:crash_report_database_win.cc(469)] failed to stat report
[0625/165210.144:ERROR:crash_report_database_win.cc(469)] failed to stat report
[0625/165210.145:ERROR:crash_report_database_win.cc(469)] failed to stat report
[0625/165210.145:ERROR:crash_report_database_win.cc(469)] failed to stat report
[0625/165210.145:ERROR:crash_report_database_win.cc(469)] failed to stat report
[0625/165210.146:ERROR:crash_report_database_win.cc(469)] failed to stat report
[0625/165710.137:ERROR:crash_report_database_win.cc(469)] failed to stat report
[0625/165710.137:ERROR:crash_report_database_win.cc(469)] failed to stat report
[0625/165710.137:ERROR:crash_report_database_win.cc(469)] failed to stat report
[0625/171210.139:ERROR:crash_report_database_win.cc(469)] failed to stat report
[0625/171210.140:ERROR:crash_report_database_win.cc(469)] failed to stat report
[0625/171210.140:ERROR:crash_report_database_win.cc(469)] failed to stat report
[0625/172710.141:ERROR:crash_report_database_win.cc(469)] failed to stat report
[0625/172710.142:ERROR:crash_report_database_win.cc(469)] failed to stat report
[0625/172710.142:ERROR:crash_report_database_win.cc(469)] failed to stat report
[0625/184835.848:ERROR:crash_report_database_win.cc(469)] failed to stat report
[0625/184835.849:ERROR:crash_report_database_win.cc(469)] failed to stat report
[0625/184835.849:ERROR:crash_report_database_win.cc(469)] failed to stat report
[0625/190334.125:ERROR:crash_report_database_win.cc(469)] failed to stat report
[0625/190334.125:ERROR:crash_report_database_win.cc(469)] failed to stat report
[0625/190334.126:ERROR:crash_report_database_win.cc(469)] failed to stat report
[0625/191834.128:ERROR:crash_report_database_win.cc(469)] failed to stat report
[0625/191834.129:ERROR:crash_report_database_win.cc(469)] failed to stat report
[0625/191834.129:ERROR:crash_report_database_win.cc(469)] failed to stat report
[0625/193334.131:ERROR:crash_report_database_win.cc(469)] failed to stat report
[0625/193334.131:ERROR:crash_report_database_win.cc(469)] failed to stat report
[0625/193334.132:ERROR:crash_report_database_win.cc(469)] failed to stat report
[0625/194834.132:ERROR:crash_report_database_win.cc(469)] failed to stat report
[0625/194834.133:ERROR:crash_report_database_win.cc(469)] failed to stat report
[0625/194834.133:ERROR:crash_report_database_win.cc(469)] failed to stat report
[0625/200334.134:ERROR:crash_report_database_win.cc(469)] failed to stat report
[0625/200334.134:ERROR:crash_report_database_win.cc(469)] failed to stat report
[0625/200334.134:ERROR:crash_report_database_win.cc(469)] failed to stat report
[0625/201834.136:ERROR:crash_report_database_win.cc(469)] failed to stat report
[0625/201834.136:ERROR:crash_report_database_win.cc(469)] failed to stat report
[0625/201834.136:ERROR:crash_report_database_win.cc(469)] failed to stat report
[0625/203334.139:ERROR:crash_report_database_win.cc(469)] failed to stat report
[0625/203334.139:ERROR:crash_report_database_win.cc(469)] failed to stat report
[0625/203334.139:ERROR:crash_report_database_win.cc(469)] failed to stat report
[0625/204834.150:ERROR:crash_report_database_win.cc(469)] failed to stat report
[0625/204834.151:ERROR:crash_report_database_win.cc(469)] failed to stat report
[0625/204834.151:ERROR:crash_report_database_win.cc(469)] failed to stat report
[0625/210334.153:ERROR:crash_report_database_win.cc(469)] failed to stat report
[0625/210334.153:ERROR:crash_report_database_win.cc(469)] failed to stat report
[0625/210334.154:ERROR:crash_report_database_win.cc(469)] failed to stat report
[0625/211834.156:ERROR:crash_report_database_win.cc(469)] failed to stat report
[0625/211834.156:ERROR:crash_report_database_win.cc(469)] failed to stat report
[0625/211834.157:ERROR:crash_report_database_win.cc(469)] failed to stat report
[0625/213334.158:ERROR:crash_report_database_win.cc(469)] failed to stat report
[0625/213334.159:ERROR:crash_report_database_win.cc(469)] failed to stat report
[0625/213334.159:ERROR:crash_report_database_win.cc(469)] failed to stat report
[0625/214834.162:ERROR:crash_report_database_win.cc(469)] failed to stat report
[0625/214834.164:ERROR:crash_report_database_win.cc(469)] failed to stat report
[0625/214834.164:ERROR:crash_report_database_win.cc(469)] failed to stat report
[0625/220334.167:ERROR:crash_report_database_win.cc(469)] failed to stat report
[0625/220334.167:ERROR:crash_report_database_win.cc(469)] failed to stat report
[0625/220334.167:ERROR:crash_report_database_win.cc(469)] failed to stat report
[0625/221834.169:ERROR:crash_report_database_win.cc(469)] failed to stat report
[0625/221834.170:ERROR:crash_report_database_win.cc(469)] failed to stat report
[0625/221834.170:ERROR:crash_report_database_win.cc(469)] failed to stat report
[0625/223334.171:ERROR:crash_report_database_win.cc(469)] failed to stat report
[0625/223334.172:ERROR:crash_report_database_win.cc(469)] failed to stat report
[0625/223334.172:ERROR:crash_report_database_win.cc(469)] failed to stat report
[0625/224834.176:ERROR:crash_report_database_win.cc(469)] failed to stat report
[0625/224834.177:ERROR:crash_report_database_win.cc(469)] failed to stat report
[0625/224834.178:ERROR:crash_report_database_win.cc(469)] failed to stat report
[0625/230334.190:ERROR:crash_report_database_win.cc(469)] failed to stat report
[0625/230334.190:ERROR:crash_report_database_win.cc(469)] failed to stat report
[0625/230334.191:ERROR:crash_report_database_win.cc(469)] failed to stat report
[0625/231834.192:ERROR:crash_report_database_win.cc(469)] failed to stat report
[0625/231834.193:ERROR:crash_report_database_win.cc(469)] failed to stat report
[0625/231834.193:ERROR:crash_report_database_win.cc(469)] failed to stat report
[0625/233334.195:ERROR:crash_report_database_win.cc(469)] failed to stat report
[0625/233334.196:ERROR:crash_report_database_win.cc(469)] failed to stat report
[0625/233334.196:ERROR:crash_report_database_win.cc(469)] failed to stat report
[0626/144854.177:ERROR:crash_report_database_win.cc(469)] failed to stat report
[0626/144854.178:ERROR:crash_report_database_win.cc(469)] failed to stat report
[0626/144854.179:ERROR:crash_report_database_win.cc(469)] failed to stat report
[0626/145854.185:ERROR:crash_report_database_win.cc(469)] failed to stat report
[0626/145854.185:ERROR:crash_report_database_win.cc(469)] failed to stat report
[0626/145854.186:ERROR:crash_report_database_win.cc(469)] failed to stat report
[0626/145854.186:ERROR:crash_report_database_win.cc(469)] failed to stat report
[0626/145854.186:ERROR:crash_report_database_win.cc(469)] failed to stat report
[0626/145854.187:ERROR:crash_report_database_win.cc(469)] failed to stat report
[0626/150354.181:ERROR:crash_report_database_win.cc(469)] failed to stat report
[0626/150354.181:ERROR:crash_report_database_win.cc(469)] failed to stat report
[0626/150354.182:ERROR:crash_report_database_win.cc(469)] failed to stat report
[0626/151322.888:ERROR:crash_report_database_win.cc(469)] failed to stat report
[0626/151322.889:ERROR:crash_report_database_win.cc(469)] failed to stat report
[0626/151322.889:ERROR:crash_report_database_win.cc(469)] failed to stat report
[0626/151537.494:ERROR:crash_report_database_win.cc(469)] failed to stat report
[0626/151537.495:ERROR:crash_report_database_win.cc(469)] failed to stat report
[0626/151537.496:ERROR:crash_report_database_win.cc(469)] failed to stat report
[0626/151854.183:ERROR:crash_report_database_win.cc(469)] failed to stat report
[0626/151854.183:ERROR:crash_report_database_win.cc(469)] failed to stat report
[0626/151854.183:ERROR:crash_report_database_win.cc(469)] failed to stat report
[0626/153354.185:ERROR:crash_report_database_win.cc(469)] failed to stat report
[0626/153354.186:ERROR:crash_report_database_win.cc(469)] failed to stat report
[0626/153354.186:ERROR:crash_report_database_win.cc(469)] failed to stat report
[0626/154854.195:ERROR:crash_report_database_win.cc(469)] failed to stat report
[0626/154854.195:ERROR:crash_report_database_win.cc(469)] failed to stat report
[0626/154854.196:ERROR:crash_report_database_win.cc(469)] failed to stat report
[0626/160354.198:ERROR:crash_report_database_win.cc(469)] failed to stat report
[0626/160354.198:ERROR:crash_report_database_win.cc(469)] failed to stat report
[0626/160354.198:ERROR:crash_report_database_win.cc(469)] failed to stat report
[0626/161854.208:ERROR:crash_report_database_win.cc(469)] failed to stat report
[0626/161854.209:ERROR:crash_report_database_win.cc(469)] failed to stat report
[0626/161854.209:ERROR:crash_report_database_win.cc(469)] failed to stat report
[0626/162350.297:ERROR:crash_report_database_win.cc(469)] failed to stat report
[0626/162350.299:ERROR:crash_report_database_win.cc(469)] failed to stat report
[0626/162350.299:ERROR:crash_report_database_win.cc(469)] failed to stat report
[0626/162802.178:ERROR:crash_report_database_win.cc(469)] failed to stat report
[0626/162802.179:ERROR:crash_report_database_win.cc(469)] failed to stat report
[0626/162802.179:ERROR:crash_report_database_win.cc(469)] failed to stat report
[0626/163354.210:ERROR:crash_report_database_win.cc(469)] failed to stat report
[0626/163354.210:ERROR:crash_report_database_win.cc(469)] failed to stat report
[0626/163354.211:ERROR:crash_report_database_win.cc(469)] failed to stat report
[0626/194104.655:ERROR:crash_report_database_win.cc(469)] failed to stat report
[0626/194104.656:ERROR:crash_report_database_win.cc(469)] failed to stat report
[0626/194104.656:ERROR:crash_report_database_win.cc(469)] failed to stat report
[0626/220234.745:ERROR:crash_report_database_win.cc(469)] failed to stat report
[0626/220234.747:ERROR:crash_report_database_win.cc(469)] failed to stat report
[0626/220234.747:ERROR:crash_report_database_win.cc(469)] failed to stat report
[0626/220808.828:ERROR:crash_report_database_win.cc(469)] failed to stat report
[0626/220808.829:ERROR:crash_report_database_win.cc(469)] failed to stat report
[0626/220808.829:ERROR:crash_report_database_win.cc(469)] failed to stat report
[0627/002957.504:ERROR:crash_report_database_win.cc(469)] failed to stat report
[0627/002957.506:ERROR:crash_report_database_win.cc(469)] failed to stat report
[0627/002957.506:ERROR:crash_report_database_win.cc(469)] failed to stat report
[0627/003456.240:ERROR:crash_report_database_win.cc(469)] failed to stat report
[0627/003456.242:ERROR:crash_report_database_win.cc(469)] failed to stat report
[0627/003456.242:ERROR:crash_report_database_win.cc(469)] failed to stat report
[0627/003744.127:ERROR:crash_report_database_win.cc(469)] failed to stat report
[0627/003744.129:ERROR:crash_report_database_win.cc(469)] failed to stat report
[0627/003744.129:ERROR:crash_report_database_win.cc(469)] failed to stat report
[0627/003937.705:ERROR:crash_report_database_win.cc(469)] failed to stat report
[0627/003937.706:ERROR:crash_report_database_win.cc(469)] failed to stat report
[0627/003937.707:ERROR:crash_report_database_win.cc(469)] failed to stat report
[0627/004641.485:ERROR:crash_report_database_win.cc(469)] failed to stat report
[0627/004641.487:ERROR:crash_report_database_win.cc(469)] failed to stat report
[0627/004641.487:ERROR:crash_report_database_win.cc(469)] failed to stat report
[0627/095428.199:ERROR:crash_report_database_win.cc(469)] failed to stat report
[0627/095428.201:ERROR:crash_report_database_win.cc(469)] failed to stat report
[0627/095428.202:ERROR:crash_report_database_win.cc(469)] failed to stat report
[0627/102358.377:ERROR:crash_report_database_win.cc(469)] failed to stat report
[0627/102358.378:ERROR:crash_report_database_win.cc(469)] failed to stat report
[0627/102358.378:ERROR:crash_report_database_win.cc(469)] failed to stat report
[0627/103358.378:ERROR:crash_report_database_win.cc(469)] failed to stat report
[0627/103358.379:ERROR:crash_report_database_win.cc(469)] failed to stat report
[0627/103358.379:ERROR:crash_report_database_win.cc(469)] failed to stat report
[0627/103358.381:ERROR:crash_report_database_win.cc(469)] failed to stat report
[0627/103358.381:ERROR:crash_report_database_win.cc(469)] failed to stat report
[0627/103358.381:ERROR:crash_report_database_win.cc(469)] failed to stat report
[0627/103858.380:ERROR:crash_report_database_win.cc(469)] failed to stat report
[0627/103858.380:ERROR:crash_report_database_win.cc(469)] failed to stat report
[0627/103858.380:ERROR:crash_report_database_win.cc(469)] failed to stat report
[0627/105358.384:ERROR:crash_report_database_win.cc(469)] failed to stat report
[0627/105358.385:ERROR:crash_report_database_win.cc(469)] failed to stat report
[0627/105358.385:ERROR:crash_report_database_win.cc(469)] failed to stat report
[0627/110858.396:ERROR:crash_report_database_win.cc(469)] failed to stat report
[0627/110858.397:ERROR:crash_report_database_win.cc(469)] failed to stat report
[0627/110858.397:ERROR:crash_report_database_win.cc(469)] failed to stat report
[0627/112356.162:ERROR:crash_report_database_win.cc(469)] failed to stat report
[0627/112356.163:ERROR:crash_report_database_win.cc(469)] failed to stat report
[0627/112356.163:ERROR:crash_report_database_win.cc(469)] failed to stat report
[0627/113856.169:ERROR:crash_report_database_win.cc(469)] failed to stat report
[0627/113856.170:ERROR:crash_report_database_win.cc(469)] failed to stat report
[0627/113856.170:ERROR:crash_report_database_win.cc(469)] failed to stat report
[0627/115356.182:ERROR:crash_report_database_win.cc(469)] failed to stat report
[0627/115356.182:ERROR:crash_report_database_win.cc(469)] failed to stat report
[0627/115356.183:ERROR:crash_report_database_win.cc(469)] failed to stat report
[0627/120856.185:ERROR:crash_report_database_win.cc(469)] failed to stat report
[0627/120856.185:ERROR:crash_report_database_win.cc(469)] failed to stat report
[0627/120856.185:ERROR:crash_report_database_win.cc(469)] failed to stat report
[0627/122356.196:ERROR:crash_report_database_win.cc(469)] failed to stat report
[0627/122356.197:ERROR:crash_report_database_win.cc(469)] failed to stat report
[0627/122356.197:ERROR:crash_report_database_win.cc(469)] failed to stat report
[0627/123856.198:ERROR:crash_report_database_win.cc(469)] failed to stat report
[0627/123856.198:ERROR:crash_report_database_win.cc(469)] failed to stat report
[0627/123856.198:ERROR:crash_report_database_win.cc(469)] failed to stat report
[0627/125356.208:ERROR:crash_report_database_win.cc(469)] failed to stat report
[0627/125356.208:ERROR:crash_report_database_win.cc(469)] failed to stat report
[0627/125356.209:ERROR:crash_report_database_win.cc(469)] failed to stat report
[0627/130856.209:ERROR:crash_report_database_win.cc(469)] failed to stat report
[0627/130856.210:ERROR:crash_report_database_win.cc(469)] failed to stat report
[0627/130856.210:ERROR:crash_report_database_win.cc(469)] failed to stat report
[0627/132356.212:ERROR:crash_report_database_win.cc(469)] failed to stat report
[0627/132356.212:ERROR:crash_report_database_win.cc(469)] failed to stat report
[0627/132356.212:ERROR:crash_report_database_win.cc(469)] failed to stat report
[0627/133856.215:ERROR:crash_report_database_win.cc(469)] failed to stat report
[0627/133856.215:ERROR:crash_report_database_win.cc(469)] failed to stat report
[0627/133856.215:ERROR:crash_report_database_win.cc(469)] failed to stat report
[0627/135356.225:ERROR:crash_report_database_win.cc(469)] failed to stat report
[0627/135356.226:ERROR:crash_report_database_win.cc(469)] failed to stat report
[0627/135356.226:ERROR:crash_report_database_win.cc(469)] failed to stat report
[0627/140856.237:ERROR:crash_report_database_win.cc(469)] failed to stat report
[0627/140856.238:ERROR:crash_report_database_win.cc(469)] failed to stat report
[0627/140856.239:ERROR:crash_report_database_win.cc(469)] failed to stat report
[0627/142356.249:ERROR:crash_report_database_win.cc(469)] failed to stat report
[0627/142356.249:ERROR:crash_report_database_win.cc(469)] failed to stat report
[0627/142356.250:ERROR:crash_report_database_win.cc(469)] failed to stat report
[0627/143856.251:ERROR:crash_report_database_win.cc(469)] failed to stat report
[0627/143856.252:ERROR:crash_report_database_win.cc(469)] failed to stat report
[0627/143856.252:ERROR:crash_report_database_win.cc(469)] failed to stat report
[0627/145356.253:ERROR:crash_report_database_win.cc(469)] failed to stat report
[0627/145356.254:ERROR:crash_report_database_win.cc(469)] failed to stat report
[0627/145356.254:ERROR:crash_report_database_win.cc(469)] failed to stat report
[0627/150856.256:ERROR:crash_report_database_win.cc(469)] failed to stat report
[0627/150856.256:ERROR:crash_report_database_win.cc(469)] failed to stat report
[0627/150856.257:ERROR:crash_report_database_win.cc(469)] failed to stat report
[0627/152356.266:ERROR:crash_report_database_win.cc(469)] failed to stat report
[0627/152356.267:ERROR:crash_report_database_win.cc(469)] failed to stat report
[0627/152356.267:ERROR:crash_report_database_win.cc(469)] failed to stat report
[0627/153856.278:ERROR:crash_report_database_win.cc(469)] failed to stat report
[0627/153856.278:ERROR:crash_report_database_win.cc(469)] failed to stat report
[0627/153856.279:ERROR:crash_report_database_win.cc(469)] failed to stat report
[0627/155356.291:ERROR:crash_report_database_win.cc(469)] failed to stat report
[0627/155356.291:ERROR:crash_report_database_win.cc(469)] failed to stat report
[0627/155356.292:ERROR:crash_report_database_win.cc(469)] failed to stat report
